<?xml version="1.0" encoding="UTF-8"?>
<testng-results skipped="0" failed="1" total="1" passed="0">
  <reporter-output>
  </reporter-output>
  <suite name="Default suite" duration-ms="56008" started-at="2017-04-10T12:49:10Z" finished-at="2017-04-10T12:50:06Z">
    <groups>
    </groups>
    <test name="Default test" duration-ms="56008" started-at="2017-04-10T12:49:10Z" finished-at="2017-04-10T12:50:06Z">
      <class name="com.techm.testcase.GoogleHomePage">
        <test-method status="FAIL" signature="verifyGoogleHomePage()[pri:0, instance:com.techm.testcase.GoogleHomePage@42d3bd8b]" name="verifyGoogleHomePage" duration-ms="55389" started-at="2017-04-10T18:19:11Z" finished-at="2017-04-10T18:20:06Z">
          <exception class="org.openqa.selenium.WebDriverException">
            <message>
              <![CDATA[Reached error page: about:neterror?e=dnsNotFound&u=https%3A//www.google.co.in/&c=UTF-8&f=regular&d=Firefox%20can%27t%20find%20the%20server%20at%20www.google.co.in.
Build info: version: '3.3.1', revision: '5234b325d5', time: '2017-03-10 09:10:29 +0000'
System info: host: 'DESKTOP-FL6U2DR', ip: '127.0.0.1', os.name: 'Windows 10', os.arch: 'amd64', os.version: '10.0', java.version: '1.8.0_91'
Driver info: org.openqa.selenium.firefox.FirefoxDriver
Capabilities [{moz:profile=C:\Users\THIRUP~1\AppData\Local\Temp\rust_mozprofile.PieQwSJODkPC, rotatable=false, timeouts={implicit=0, page load=300000, script=30000}, pageLoadStrategy=normal, platform=ANY, specificationLevel=0, moz:accessibilityChecks=false, acceptInsecureCerts=false, browserVersion=52.0.2, platformVersion=10.0, moz:processID=3748, browserName=firefox, platformName=windows_nt}]
Session ID: ee04d31f-ea30-441b-9006-709dc718ddae]]>
            </message>
            <full-stacktrace>
              <![CDATA[org.openqa.selenium.WebDriverException: Reached error page: about:neterror?e=dnsNotFound&u=https%3A//www.google.co.in/&c=UTF-8&f=regular&d=Firefox%20can%27t%20find%20the%20server%20at%20www.google.co.in.
Build info: version: '3.3.1', revision: '5234b325d5', time: '2017-03-10 09:10:29 +0000'
System info: host: 'DESKTOP-FL6U2DR', ip: '127.0.0.1', os.name: 'Windows 10', os.arch: 'amd64', os.version: '10.0', java.version: '1.8.0_91'
Driver info: org.openqa.selenium.firefox.FirefoxDriver
Capabilities [{moz:profile=C:\Users\THIRUP~1\AppData\Local\Temp\rust_mozprofile.PieQwSJODkPC, rotatable=false, timeouts={implicit=0, page load=300000, script=30000}, pageLoadStrategy=normal, platform=ANY, specificationLevel=0, moz:accessibilityChecks=false, acceptInsecureCerts=false, browserVersion=52.0.2, platformVersion=10.0, moz:processID=3748, browserName=firefox, platformName=windows_nt}]
Session ID: ee04d31f-ea30-441b-9006-709dc718ddae
	at sun.reflect.NativeConstructorAccessorImpl.newInstance0(Native Method)
	at sun.reflect.NativeConstructorAccessorImpl.newInstance(Unknown Source)
	at sun.reflect.DelegatingConstructorAccessorImpl.newInstance(Unknown Source)
	at java.lang.reflect.Constructor.newInstance(Unknown Source)
	at org.openqa.selenium.remote.http.W3CHttpResponseCodec.createException(W3CHttpResponseCodec.java:133)
	at org.openqa.selenium.remote.http.W3CHttpResponseCodec.decode(W3CHttpResponseCodec.java:99)
	at org.openqa.selenium.remote.http.W3CHttpResponseCodec.decode(W3CHttpResponseCodec.java:43)
	at org.openqa.selenium.remote.HttpCommandExecutor.execute(HttpCommandExecutor.java:163)
	at org.openqa.selenium.remote.service.DriverCommandExecutor.execute(DriverCommandExecutor.java:82)
	at org.openqa.selenium.remote.RemoteWebDriver.execute(RemoteWebDriver.java:604)
	at org.openqa.selenium.remote.RemoteWebDriver.get(RemoteWebDriver.java:325)
	at com.techm.testcase.GoogleHomePage.verifyGoogleHomePage(GoogleHomePage.java:17)
	at sun.reflect.NativeMethodAccessorImpl.invoke0(Native Method)
	at sun.reflect.NativeMethodAccessorImpl.invoke(Unknown Source)
	at sun.reflect.DelegatingMethodAccessorImpl.invoke(Unknown Source)
	at java.lang.reflect.Method.invoke(Unknown Source)
	at org.testng.internal.MethodInvocationHelper.invokeMethod(MethodInvocationHelper.java:86)
	at org.testng.internal.Invoker.invokeMethod(Invoker.java:643)
	at org.testng.internal.Invoker.invokeTestMethod(Invoker.java:820)
	at org.testng.internal.Invoker.invokeTestMethods(Invoker.java:1128)
	at org.testng.internal.TestMethodWorker.invokeTestMethods(TestMethodWorker.java:129)
	at org.testng.internal.TestMethodWorker.run(TestMethodWorker.java:112)
	at org.testng.TestRunner.privateRun(TestRunner.java:782)
	at org.testng.TestRunner.run(TestRunner.java:632)
	at org.testng.SuiteRunner.runTest(SuiteRunner.java:366)
	at org.testng.SuiteRunner.runSequentially(SuiteRunner.java:361)
	at org.testng.SuiteRunner.privateRun(SuiteRunner.java:319)
	at org.testng.SuiteRunner.run(SuiteRunner.java:268)
	at org.testng.SuiteRunnerWorker.runSuite(SuiteRunnerWorker.java:52)
	at org.testng.SuiteRunnerWorker.run(SuiteRunnerWorker.java:86)
	at org.testng.TestNG.runSuitesSequentially(TestNG.java:1244)
	at org.testng.TestNG.runSuitesLocally(TestNG.java:1169)
	at org.testng.TestNG.run(TestNG.java:1064)
	at org.testng.remote.RemoteTestNG.run(RemoteTestNG.java:113)
	at org.testng.remote.RemoteTestNG.initAndRun(RemoteTestNG.java:206)
	at org.testng.remote.RemoteTestNG.main(RemoteTestNG.java:177)
]]>
            </full-stacktrace>
          </exception> <!-- org.openqa.selenium.WebDriverException -->
          <reporter-output>
          </reporter-output>
        </test-method> <!-- verifyGoogleHomePage -->
      </class> <!-- com.techm.testcase.GoogleHomePage -->
    </test> <!-- Default test -->
  </suite> <!-- Default suite -->
</testng-results>
